Arguments: 
  C:\Program Files\nodejs\node.exe C:\Program Files (x86)\Yarn\bin\yarn.js add -D gh-pages

PATH: 
  c:\users\guilherme\appdata\roaming\python\python39\site-packages;C:\Users\GUILHERME\AppData\Roaming\Python\Python39\Scripts;C:\Program Files\Python39\Scripts\;C:\Program Files (x86)\Scripts\;C:\Program Files (x86)\;C:\Program Files\Python39\;C:\WINDOWS\system32;C:\Program Files (x86)\Common Files\Oracle\Java\javapath;C:\apache-ant-1.10.5\bin;C:\Program Files\Java\jdk1.8.0_191\bin;C:\Program Files\NVIDIA Corporation\NVIDIA NvDLISR;C:\Program Files (x86)\NVIDIA Corporation\PhysX\Common;";C:\apache-ant-1.10.5\bin;C:\Program Files\Java\jdk1.8.0_191\bin";C:\Program Files (x86)\GtkSharp\2.12\bin;C:\Program Files\PuTTY\;C:\Program Files\CMake\bin;C:\Program Files\dotnet\;C:\Program Files (x86)\Yarn\bin\;C:\ProgramData\chocolatey\bin;C:\Program Files\nodejs\;C:\Program Files\Git\cmd;C:\protoc-21.9-win64\bin;C:\Program Files\heroku\bin;C:\Users\GUILHERME\AppData\Local\Programs\Microsoft VS Code\bin;C:\Users\GUILHERME\AppData\Local\Yarn\bin;C:\Users\GUILHERME\.dotnet\tools;C:\Users\GUILHERME\AppData\Roaming\npm

Yarn version: 
  1.22.18

Node version: 
  16.15.0

Platform: 
  win32 x64

Trace: 
  Error: https://registry.yarnpkg.com/core-js/-/core-js-2.6.12.tgz: ESOCKETTIMEDOUT
      at ClientRequest.<anonymous> (C:\Program Files (x86)\Yarn\lib\cli.js:141510:19)
      at Object.onceWrapper (node:events:641:28)
      at ClientRequest.emit (node:events:527:28)
      at TLSSocket.emitRequestTimeout (node:_http_client:771:9)
      at Object.onceWrapper (node:events:641:28)
      at TLSSocket.emit (node:events:539:35)
      at TLSSocket.Socket._onTimeout (node:net:516:8)
      at listOnTimeout (node:internal/timers:559:17)
      at processTimers (node:internal/timers:502:7)

npm manifest: 
  {
    
    "name": "pokedex",
    "version": "0.1.0",
    "private": true,
    "dependencies": {
      "@testing-library/jest-dom": "^5.16.4",
      "@testing-library/react": "^13.2.0",
      "@testing-library/user-event": "^13.5.0",
      "react": "^18.1.0",
      "react-dom": "^18.1.0",
      "react-scripts": "^2.1.3",
      "typescript": "^4.7.2",
      "web-vitals": "^2.1.4"
    },
    "scripts": {
      "start": "react-scripts start",
      "build": "react-scripts build",
      "test": "react-scripts test",
      "eject": "react-scripts eject"
    },
    "eslintConfig": {
      "extends": [
        "react-app",
        "react-app/jest"
      ]
    },
    "browserslist": {
      "production": [
        ">0.2%",
        "not dead",
        "not op_mini all"
      ],
      "development": [
        "last 1 chrome version",
        "last 1 firefox version",
        "last 1 safari version"
      ]
    }
  }

yarn manifest: 
  No manifest

Lockfile: 
  No lockfile
